time="2025-08-16T22:42:54+03:00" level=info msg="Handle request" body="{\r\n    \"id\": \"56b7f4b8-8a5a-4b9c-af9b-7715e6fd40dd\",\r\n    \"title\": \"Три Мушкетера\",\r\n    \"author\": \"А. Дюма\",\r\n    \"publicationDate\": \"2025-08-16T14:30:00Z\",\r\n    \"publisher\": \"Издательство Эксмо\",\r\n    \"edition\": 1,\r\n    \"location\": \"Первый шкаф, вторая полка, 4 слева\"\r\n}" ip="::1" method=GET path=/api/v1/books uri=/api/v1/books user_agent=PostmanRuntime/7.45.0
time="2025-08-16T22:45:31+03:00" level=info msg="End storeOnDisk by 0.153625 seconds \n"
time="2025-08-16T22:48:20+03:00" level=info msg="Handle request" body="{\r\n    \"id\": \"56b7f4b8-8a5a-4b9c-af9b-7715e6fd40dd\",\r\n    \"title\": \"Три Мушкетера\",\r\n    \"author\": \"А. Дюма\",\r\n    \"publicationDate\": \"2025-08-16T14:30:00Z\",\r\n    \"publisher\": \"Издательство Эксмо\",\r\n    \"edition\": 1,\r\n    \"location\": \"Первый шкаф, вторая полка, 4 слева\"\r\n}" ip="::1" method=POST path=/api/v1/books uri=/api/v1/books user_agent=PostmanRuntime/7.45.0
time="2025-08-16T22:48:46+03:00" level=info msg="Handle request" body="{\r\n    \"id\": \"56b7f4b8-8a5a-4b9c-af9b-7715e6fd40dd\",\r\n    \"title\": \"Три Мушкетера\",\r\n    \"author\": \"А. Дюма\",\r\n    \"publicationDate\": \"2025-08-16T14:30:00Z\",\r\n    \"publisher\": \"Издательство Эксмо\",\r\n    \"edition\": 1,\r\n    \"location\": \"Первый шкаф, вторая полка, 4 слева\"\r\n}" ip="::1" method=POST path=/api/v1/books uri=/api/v1/books user_agent=PostmanRuntime/7.45.0
time="2025-08-16T22:49:22+03:00" level=info msg="Handle request" body="{\r\n    \"id\": \"56b7f4b8-8a5a-4b9c-af9b-7715e6fd40dd\",\r\n    \"title\": \"Три Мушкетера\",\r\n    \"author\": \"А. Дюма\",\r\n    \"publicationDate\": \"2025-08-16T14:30:00Z\",\r\n    \"publisher\": \"Издательство Эксмо\",\r\n    \"edition\": 1,\r\n    \"location\": \"Первый шкаф, вторая полка, 4 слева\"\r\n}" ip="::1" method=POST path=/api/v1/books uri=/api/v1/books user_agent=PostmanRuntime/7.45.0
time="2025-08-16T22:51:05+03:00" level=info msg="Handle request" body="{\r\n    \"id\": \"56b7f4b8-8a5a-4b9c-af9b-7715e6fd40dd\",\r\n    \"title\": \"Три Мушкетера\",\r\n    \"author\": \"А. Дюма\",\r\n    \"publicationDate\": \"2025-08-16T14:30:00Z\",\r\n    \"publisher\": \"Издательство Эксмо\",\r\n    \"edition\": 1,\r\n    \"location\": \"Первый шкаф, вторая полка, 4 слева\"\r\n}" ip="::1" method=POST path=/api/v1/books uri=/api/v1/books user_agent=PostmanRuntime/7.45.0
time="2025-08-16T22:51:07+03:00" level=info msg="Oh no, you killed me. Enable evacuate data!"
time="2025-08-16T22:51:07+03:00" level=info msg="Start storeOnDisk"
time="2025-08-16T22:51:07+03:00" level=info msg="End storeOnDisk by 0.154500 seconds \n"
time="2025-08-16T22:52:31+03:00" level=info msg="Handle request" body= ip="::1" method=POST path=/api/v1/books uri=/api/v1/books user_agent=PostmanRuntime/7.45.0
time="2025-08-16T22:52:37+03:00" level=info msg="Handle request" body= ip="::1" method=POST path=/api/v1/books uri=/api/v1/books user_agent=PostmanRuntime/7.45.0
time="2025-08-16T22:52:39+03:00" level=info msg="Handle request" body= ip="::1" method=POST path=/api/v1/books uri=/api/v1/books user_agent=PostmanRuntime/7.45.0
time="2025-08-16T22:52:40+03:00" level=info msg="Handle request" body= ip="::1" method=POST path=/api/v1/books uri=/api/v1/books user_agent=PostmanRuntime/7.45.0
time="2025-08-16T22:52:41+03:00" level=info msg="Handle request" body= ip="::1" method=POST path=/api/v1/books uri=/api/v1/books user_agent=PostmanRuntime/7.45.0
time="2025-08-16T22:52:42+03:00" level=info msg="Handle request" body= ip="::1" method=POST path=/api/v1/books uri=/api/v1/books user_agent=PostmanRuntime/7.45.0
time="2025-08-16T22:52:42+03:00" level=info msg="Handle request" body= ip="::1" method=POST path=/api/v1/books uri=/api/v1/books user_agent=PostmanRuntime/7.45.0
time="2025-08-16T22:52:43+03:00" level=info msg="Handle request" body= ip="::1" method=POST path=/api/v1/books uri=/api/v1/books user_agent=PostmanRuntime/7.45.0
time="2025-08-16T22:52:43+03:00" level=info msg="Handle request" body= ip="::1" method=POST path=/api/v1/books uri=/api/v1/books user_agent=PostmanRuntime/7.45.0
time="2025-08-16T22:52:44+03:00" level=info msg="Handle request" body= ip="::1" method=POST path=/api/v1/books uri=/api/v1/books user_agent=PostmanRuntime/7.45.0
time="2025-08-16T22:52:44+03:00" level=info msg="Handle request" body= ip="::1" method=POST path=/api/v1/books uri=/api/v1/books user_agent=PostmanRuntime/7.45.0
time="2025-08-16T22:52:45+03:00" level=info msg="Handle request" body= ip="::1" method=POST path=/api/v1/books uri=/api/v1/books user_agent=PostmanRuntime/7.45.0
time="2025-08-16T22:52:51+03:00" level=info msg="Handle request" body= ip="::1" method=GET path=/api/v1/books uri=/api/v1/books user_agent=PostmanRuntime/7.45.0
time="2025-08-16T22:57:04+03:00" level=info msg="Tick-tack - it's time to store on disk!!!"
time="2025-08-16T22:57:04+03:00" level=info msg="Start storeOnDisk"
time="2025-08-16T22:57:04+03:00" level=info msg="End storeOnDisk by 0.156136 seconds \n"
